<?xml version="1.0" encoding="UTF-8"?>
<!-- Generated by org.testng.reporters.JUnitReportReporter -->
<testsuite hostname="Sumera" failures="0" tests="2" name="testCases.TC001_AccountRegistrationTest" time="11.502" errors="0" timestamp="2024-12-06T11:24:54 GMT" skipped="0">
  <testcase classname="testCases.TC001_AccountRegistrationTest" name="verify_account_registration" time="4.490"/>
  <testcase classname="testCases.TC001_AccountRegistrationTest" name="verify_account_registration" time="7.012"/>
</testsuite> <!-- testCases.TC001_AccountRegistrationTest -->
