<?xml version="1.0" encoding="UTF-8"?>
<!-- Generated by org.testng.reporters.JUnitReportReporter -->
<testsuite hostname="Sumera" failures="0" tests="1" name="testCases.TC_002_LoginTest" time="1.767" errors="0" timestamp="2024-12-05T12:06:23 GMT" skipped="0">
  <testcase classname="testCases.TC_002_LoginTest" name="verify_login" time="1.767"/>
</testsuite> <!-- testCases.TC_002_LoginTest -->
