<?xml version="1.0" encoding="UTF-8"?>
<!-- Generated by org.testng.reporters.JUnitReportReporter -->
<testsuite hostname="Sumera" failures="0" tests="1" name="testCases.TC_002_LoginTest" time="3.775" errors="0" timestamp="2024-12-10T22:23:09 GMT" skipped="0">
  <testcase classname="testCases.TC_002_LoginTest" name="verify_login" time="3.775"/>
</testsuite> <!-- testCases.TC_002_LoginTest -->
