<?xml version="1.0" encoding="UTF-8"?>
<!-- Generated by org.testng.reporters.JUnitReportReporter -->
<testsuite hostname="Sumera" failures="0" tests="1" name="testCases.TC001_AccountRegistrationTest" time="7.951" errors="0" timestamp="2024-12-10T22:23:09 GMT" skipped="0">
  <testcase classname="testCases.TC001_AccountRegistrationTest" name="verify_account_registration" time="7.951"/>
</testsuite> <!-- testCases.TC001_AccountRegistrationTest -->
